<?xml version="1.0" encoding="UTF-8"?>
<testng-results skipped="0" failed="0" ignored="0" total="1" passed="1">
  <reporter-output>
  </reporter-output>
  <suite name="Suite1" duration-ms="20994" started-at="2017-12-08T23:22:32Z" finished-at="2017-12-08T23:22:53Z">
    <groups>
    </groups>
    <test name="Nopackage" duration-ms="20994" started-at="2017-12-08T23:22:32Z" finished-at="2017-12-08T23:22:53Z">
      <class name="BankAcc">
        <test-method status="PASS" signature="openBrowser()[pri:0, instance:BankAcc@523884b2]" name="openBrowser" is-config="true" duration-ms="4526" started-at="2017-12-08T18:22:32Z" finished-at="2017-12-08T18:22:36Z">
          <reporter-output>
          </reporter-output>
        </test-method> <!-- openBrowser -->
        <test-method status="PASS" signature="Test()[pri:0, instance:BankAcc@523884b2]" name="Test" duration-ms="16396" started-at="2017-12-08T18:22:36Z" finished-at="2017-12-08T18:22:53Z">
          <reporter-output>
          </reporter-output>
        </test-method> <!-- Test -->
      </class> <!-- BankAcc -->
    </test> <!-- Nopackage -->
  </suite> <!-- Suite1 -->
</testng-results>
