<?xml version="1.0" encoding="UTF-8"?>
<testng-results skipped="0" failed="0" ignored="0" total="1" passed="1">
  <reporter-output>
  </reporter-output>
  <suite name="Default suite" duration-ms="7351" started-at="2017-12-14T01:36:24Z" finished-at="2017-12-14T01:36:31Z">
    <groups>
    </groups>
    <test name="Default test" duration-ms="7351" started-at="2017-12-14T01:36:24Z" finished-at="2017-12-14T01:36:31Z">
      <class name="ForGitProject">
        <test-method status="PASS" signature="openBrowser()[pri:0, instance:ForGitProject@523884b2]" name="openBrowser" is-config="true" duration-ms="4340" started-at="2017-12-13T20:36:24Z" finished-at="2017-12-13T20:36:28Z">
          <reporter-output>
          </reporter-output>
        </test-method> <!-- openBrowser -->
        <test-method status="PASS" signature="Test()[pri:0, instance:ForGitProject@523884b2]" name="Test" duration-ms="2985" started-at="2017-12-13T20:36:28Z" finished-at="2017-12-13T20:36:31Z">
          <reporter-output>
          </reporter-output>
        </test-method> <!-- Test -->
      </class> <!-- ForGitProject -->
    </test> <!-- Default test -->
  </suite> <!-- Default suite -->
</testng-results>
